============================================================
  Generated by:           Genus(TM) Synthesis Solution 20.10-p001_1
  Generated on:           Nov 25 2024  01:04:14 pm
  Module:                 ROBA
  Technology library:     slow_vdd1v0 1.0
  Operating conditions:   PVT_0P9V_125C (balanced_tree)
  Wireload mode:          enclosed
  Area mode:              timing library
============================================================

Instance         Module          Cell Count  Cell Area  Net Area   Total Area   Wireload  
------------------------------------------------------------------------------------------
ROBA                                   1677   3069.108     0.000     3069.108 <none> (D)  
  EncX   PriorityEncoder_32             127    187.758     0.000      187.758 <none> (D)  
  EncY   PriorityEncoder_32_133         130    191.520     0.000      191.520 <none> (D)  
  RoundX rounding_mod                    95    144.666     0.000      144.666 <none> (D)  
  RoundY rounding_mod_66                 95    144.324     0.000      144.324 <none> (D)  
  abs_X  sec_complement_w32              90    144.324     0.000      144.324 <none> (D)  
  abs_Y  sec_complement_w32_134          90    144.324     0.000      144.324 <none> (D)  
  sign_P sec_complement_w64             186    299.250     0.000      299.250 <none> (D)  
  (D) = wireload is default in technology library
