============================================================
  Generated by:           Genus(TM) Synthesis Solution 20.10-p001_1
  Generated on:           Nov 25 2024  01:04:13 pm
  Module:                 ROBA
  Technology library:     slow_vdd1v0 1.0
  Operating conditions:   PVT_0P9V_125C (balanced_tree)
  Wireload mode:          enclosed
  Area mode:              timing library
============================================================

      Pin              Type       Fanout Load Slew Delay Arrival   
                                         (fF) (ps)  (ps)   (ps)    
-------------------------------------------------------------------
y[0]                in port            6  1.2    0    +0       0 F 
abs_Y/data_in[0] 
  g2608__1705/A                                       +0       0   
  g2608__1705/Y     NOR2XL             2  0.4   56   +48      48 R 
  g2606__1617/B                                       +0      48   
  g2606__1617/Y     NAND2BXL           2  0.4   80   +86     134 F 
  g2602__8428/B                                       +0     134   
  g2602__8428/Y     NOR2XL             2  0.4   61   +82     217 R 
  g2599__5107/B                                       +0     217   
  g2599__5107/Y     NAND2BXL           2  0.4   80   +89     306 F 
  g2596__6417/B                                       +0     306   
  g2596__6417/Y     NOR2XL             2  0.4   61   +82     388 R 
  g2595__7410/B                                       +0     388   
  g2595__7410/Y     NAND2BXL           2  0.4   80   +89     477 F 
  g2590__9315/B                                       +0     477   
  g2590__9315/Y     NOR2XL             2  0.4   61   +82     559 R 
  g2589__6161/B                                       +0     559   
  g2589__6161/Y     NAND2BXL           2  0.4   80   +89     648 F 
  g2584__6131/B                                       +0     648   
  g2584__6131/Y     NOR2XL             2  0.4   61   +82     731 R 
  g2581__5122/B                                       +0     731   
  g2581__5122/Y     NAND2BXL           2  0.4   80   +89     820 F 
  g2578__1617/B                                       +0     820   
  g2578__1617/Y     NOR2XL             2  0.4   61   +82     902 R 
  g2575__5526/B                                       +0     902   
  g2575__5526/Y     NAND2BXL           2  0.4   80   +89     991 F 
  g2572__6260/B                                       +0     991   
  g2572__6260/Y     NOR2XL             2  0.4   61   +82    1074 R 
  g2571__5107/B                                       +0    1074   
  g2571__5107/Y     NAND2BXL           2  0.4   80   +89    1163 F 
  g2566__1666/B                                       +0    1163   
  g2566__1666/Y     NOR2XL             2  0.4   61   +82    1245 R 
  g2563__9945/B                                       +0    1245   
  g2563__9945/Y     NAND2BXL           2  0.4   80   +89    1334 F 
  g2560__4733/B                                       +0    1334   
  g2560__4733/Y     NOR2XL             2  0.4   61   +82    1416 R 
  g2557__1881/B                                       +0    1416   
  g2557__1881/Y     NAND2BXL           2  0.4   80   +89    1505 F 
  g2554__8246/B                                       +0    1505   
  g2554__8246/Y     NOR2XL             2  0.4   61   +82    1588 R 
  g2551__2802/B                                       +0    1588   
  g2551__2802/Y     NAND2BXL           2  0.4   80   +89    1677 F 
  g2548__6783/B                                       +0    1677   
  g2548__6783/Y     NOR2XL             2  0.4   61   +82    1759 R 
  g2545__4319/B                                       +0    1759   
  g2545__4319/Y     NAND2BXL           2  0.4   80   +89    1848 F 
  g2542__2398/B                                       +0    1848   
  g2542__2398/Y     NOR2XL             2  0.4   61   +82    1931 R 
  g2539__7410/B                                       +0    1931   
  g2539__7410/Y     NAND2BXL           2  0.4   80   +89    2020 F 
  g2536__2883/B                                       +0    2020   
  g2536__2883/Y     NOR2XL             2  0.4   61   +82    2102 R 
  g2535__9945/B                                       +0    2102   
  g2535__9945/Y     NAND2BXL           2  0.4   80   +89    2191 F 
  g2530__5115/B                                       +0    2191   
  g2530__5115/Y     NOR2XL             2  0.4   61   +82    2273 R 
  g2527__7098/B                                       +0    2273   
  g2527__7098/Y     NAND2BXL           2  0.4   80   +89    2362 F 
  g2523__2802/A1                                      +0    2362   
  g2523__2802/Y     OAI21XL            2  0.6   90  +105    2468 R 
  g2521__3680/B                                       +0    2468   
  g2521__3680/Y     XNOR2X1            5  1.0   43  +163    2630 F 
abs_Y/data_out[30] 
RoundY/data_in[30] 
  g5074__2398/A                                       +0    2630   
  g5074__2398/Y     NOR2XL             2  0.4   61   +71    2702 R 
  g5071__7410/B                                       +0    2702   
  g5071__7410/Y     NAND2XL            3  0.9  128  +116    2818 F 
  g5069__2346/B                                       +0    2818   
  g5069__2346/Y     OR2X1              3  0.9   39  +152    2970 F 
  g5067__9945/B                                       +0    2970   
  g5067__9945/Y     OR2X1              3  0.9   39  +114    3084 F 
  g5065__6161/B                                       +0    3084   
  g5065__6161/Y     OR2X1              3  0.9   39  +114    3198 F 
  g5063__7482/B                                       +0    3198   
  g5063__7482/Y     OR2X1              3  0.9   39  +114    3312 F 
  g5061__1881/B                                       +0    3312   
  g5061__1881/Y     OR2X1              3  0.9   39  +114    3426 F 
  g5059__7098/B                                       +0    3426   
  g5059__7098/Y     OR2X1              3  0.9   39  +114    3540 F 
  g5057__5122/B                                       +0    3540   
  g5057__5122/Y     OR2X1              3  0.9   39  +114    3654 F 
  g5055__2802/B                                       +0    3654   
  g5055__2802/Y     OR2X1              3  0.9   39  +114    3768 F 
  g5053__3680/B                                       +0    3768   
  g5053__3680/Y     OR2X1              3  0.9   39  +114    3881 F 
  g5051__5526/B                                       +0    3881   
  g5051__5526/Y     OR2X1              3  0.9   39  +114    3995 F 
  g5049__4319/B                                       +0    3995   
  g5049__4319/Y     OR2X1              3  0.9   39  +114    4109 F 
  g5047__5107/B                                       +0    4109   
  g5047__5107/Y     OR2X1              3  0.9   39  +114    4223 F 
  g5045__5477/B                                       +0    4223   
  g5045__5477/Y     OR2X1              3  0.9   39  +114    4337 F 
  g5043__7410/B                                       +0    4337   
  g5043__7410/Y     OR2X1              3  0.9   39  +114    4451 F 
  g5041__2346/B                                       +0    4451   
  g5041__2346/Y     OR2X1              3  0.9   39  +114    4565 F 
  g5039__9945/B                                       +0    4565   
  g5039__9945/Y     OR2X1              3  0.9   39  +114    4679 F 
  g5037__6161/B                                       +0    4679   
  g5037__6161/Y     OR2X1              3  0.9   39  +114    4793 F 
  g5035__7482/B                                       +0    4793   
  g5035__7482/Y     OR2X1              3  0.9   39  +114    4906 F 
  g5033__1881/B                                       +0    4906   
  g5033__1881/Y     OR2X1              3  0.9   39  +114    5020 F 
  g5031__7098/B                                       +0    5020   
  g5031__7098/Y     OR2X1              3  0.9   39  +114    5134 F 
  g5029__5122/B                                       +0    5134   
  g5029__5122/Y     OR2X1              3  0.9   39  +114    5248 F 
  g5027__2802/B                                       +0    5248   
  g5027__2802/Y     OR2X1              3  1.0   42  +115    5363 F 
  g5025__3680/B                                       +0    5363   
  g5025__3680/Y     NOR2XL             2  0.4   58   +61    5424 R 
  g5024__6783/A                                       +0    5424   
  g5024__6783/Y     AND2X1             2  0.4   24  +135    5560 R 
  g5021__4319/AN                                      +0    5560   
  g5021__4319/Y     NOR2BX1            2  0.4   46   +90    5649 R 
  g5018__2398/B                                       +0    5649   
  g5018__2398/Y     NAND2XL            2  0.5   88   +86    5735 F 
  g5015__7410/B                                       +0    5735   
  g5015__7410/Y     NOR2XL             2  0.4   62   +87    5822 R 
  g5009__6161/A                                       +0    5822   
  g5009__6161/Y     AND2X1             5  1.2   41  +146    5968 R 
RoundY/data_out[2] 
EncY/data_i[2] 
  g7885__2398/B                                       +0    5968   
  g7885__2398/Y     NOR2XL             5  1.0   94   +65    6033 F 
  g7849__4319/B                                       +0    6033   
  g7849__4319/Y     NAND2XL            4  1.0   63   +88    6121 R 
  g7828__8246/B                                       +0    6121   
  g7828__8246/Y     NOR2XL             2  0.6   80   +70    6191 F 
  g7821__3680/A                                       +0    6191   
  g7821__3680/Y     AND2X1             2  0.6   29   +92    6283 F 
  g7805__6161/A                                       +0    6283   
  g7805__6161/Y     AND2X1             2  0.4   24   +67    6350 F 
  g7801__1881/B                                       +0    6350   
  g7801__1881/Y     NAND2XL            2  0.6   48   +37    6387 R 
  g7795__2802/A1                                      +0    6387   
  g7795__2802/Y     OAI22XL            1  0.3  115  +117    6505 F 
  g7791__5526/C0                                      +0    6505   
  g7791__5526/Y     AOI221X1           1  0.4  105  +133    6637 R 
  g7787__5107/C0                                      +0    6637   
  g7787__5107/Y     OAI221X1           1  0.3  150  +180    6817 F 
  g7784__6417/C0                                      +0    6817   
  g7784__6417/Y     AOI221X1           1  0.2   93  +142    6960 R 
  g7783__7410/B                                       +0    6960   
  g7783__7410/Y     NAND2BXL           1  0.2   62   +97    7056 F 
  g7777__9315/D                                       +0    7056   
  g7777__9315/Y     OR4X1              1  0.2   40  +223    7280 F 
  g7772__1881/D                                       +0    7280   
  g7772__1881/Y     OR4X1              1  0.2   40  +214    7493 F 
  g7765__1617/D                                       +0    7493   
  g7765__1617/Y     OR4X1              1  0.2   40  +214    7707 F 
  g7762__5526/C                                       +0    7707   
  g7762__5526/Y     OR3X2             64 14.5  225  +303    8011 F 
EncY/code_o[0] 
g43711/A                                              +0    8011   
g43711/Y            INVX2             57 11.4  156  +189    8200 R 
g43697/A                                              +0    8200   
g43697/Y            NAND2XL            4  1.0  144  +188    8388 F 
g43616/AN                                             +0    8388   
g43616/Y            NAND2BXL           4  0.8  116  +165    8554 F 
g43547/B                                              +0    8554   
g43547/Y            NOR2XL             2  0.4   63  +103    8656 R 
g43490/A                                              +0    8656   
g43490/Y            AND2X1             2  0.8   32  +142    8799 R 
g43033__6161/CI                                       +0    8799   
g43033__6161/CO     ADDFX1             1  0.6   39  +183    8982 R 
g43030__5115/CI                                       +0    8982   
g43030__5115/CO     ADDFX1             1  0.6   39  +186    9168 R 
g43027__7098/CI                                       +0    9168   
g43027__7098/CO     ADDFX1             1  0.6   39  +186    9354 R 
g43024__1705/CI                                       +0    9354   
g43024__1705/CO     ADDFX1             1  0.6   39  +186    9540 R 
g43021__3680/CI                                       +0    9540   
g43021__3680/CO     ADDFX1             1  0.6   39  +186    9726 R 
g43018__8428/CI                                       +0    9726   
g43018__8428/CO     ADDFX1             1  0.6   39  +186    9912 R 
g43015__5107/CI                                       +0    9912   
g43015__5107/CO     ADDFX1             1  0.6   39  +186   10098 R 
g43012__6417/CI                                       +0   10098   
g43012__6417/CO     ADDFX1             1  0.6   39  +186   10284 R 
g43009__2346/CI                                       +0   10284   
g43009__2346/CO     ADDFX1             1  0.6   39  +186   10470 R 
g43006__9315/CI                                       +0   10470   
g43006__9315/CO     ADDFX1             1  0.6   39  +186   10656 R 
g43003__7482/CI                                       +0   10656   
g43003__7482/CO     ADDFX1             1  0.6   39  +186   10842 R 
g43000__6131/CI                                       +0   10842   
g43000__6131/CO     ADDFX1             1  0.6   39  +186   11028 R 
g42997__5122/CI                                       +0   11028   
g42997__5122/CO     ADDFX1             1  0.6   39  +186   11214 R 
g42994__1617/CI                                       +0   11214   
g42994__1617/CO     ADDFX1             1  0.6   39  +186   11400 R 
g42991__5526/CI                                       +0   11400   
g42991__5526/CO     ADDFX1             1  0.6   39  +186   11586 R 
g42988__6260/CI                                       +0   11586   
g42988__6260/CO     ADDFX1             1  0.6   39  +186   11772 R 
g42985__5477/CI                                       +0   11772   
g42985__5477/CO     ADDFX1             1  0.6   39  +186   11958 R 
g42982__1666/CI                                       +0   11958   
g42982__1666/CO     ADDFX1             1  0.6   39  +186   12144 R 
g42979__9945/CI                                       +0   12144   
g42979__9945/CO     ADDFX1             1  0.6   39  +186   12330 R 
g42976__4733/CI                                       +0   12330   
g42976__4733/CO     ADDFX1             1  0.6   39  +186   12516 R 
g42973__1881/CI                                       +0   12516   
g42973__1881/CO     ADDFX1             1  0.6   39  +186   12702 R 
g42970__8246/CI                                       +0   12702   
g42970__8246/CO     ADDFX1             1  0.6   39  +186   12888 R 
g42967__2802/CI                                       +0   12888   
g42967__2802/CO     ADDFX1             1  0.6   39  +186   13074 R 
g42964__6783/CI                                       +0   13074   
g42964__6783/CO     ADDFX1             1  0.6   39  +186   13260 R 
g42961__4319/CI                                       +0   13260   
g42961__4319/CO     ADDFX1             1  0.6   39  +186   13446 R 
g42958__2398/CI                                       +0   13446   
g42958__2398/CO     ADDFX1             1  0.6   39  +186   13632 R 
g42955__7410/CI                                       +0   13632   
g42955__7410/CO     ADDFX1             1  0.6   39  +186   13818 R 
g42952__2883/CI                                       +0   13818   
g42952__2883/CO     ADDFX1             1  0.6   39  +186   14004 R 
g42949__6161/CI                                       +0   14004   
g42949__6161/CO     ADDFX1             1  0.6   39  +186   14190 R 
g42946__5115/CI                                       +0   14190   
g42946__5115/CO     ADDFX1             1  0.6   39  +186   14376 R 
g42943__7098/CI                                       +0   14376   
g42943__7098/CO     ADDFX1             1  0.6   39  +186   14562 R 
g42940__1705/CI                                       +0   14562   
g42940__1705/CO     ADDFX1             1  0.6   39  +186   14748 R 
g42937__3680/CI                                       +0   14748   
g42937__3680/CO     ADDFX1             1  0.6   39  +186   14934 R 
g42934__8428/CI                                       +0   14934   
g42934__8428/CO     ADDFX1             1  0.6   39  +186   15120 R 
g42931__5107/CI                                       +0   15120   
g42931__5107/CO     ADDFX1             1  0.6   39  +186   15306 R 
g42928__6417/CI                                       +0   15306   
g42928__6417/CO     ADDFX1             1  0.6   39  +186   15492 R 
g42925__2346/CI                                       +0   15492   
g42925__2346/CO     ADDFX1             1  0.6   39  +186   15678 R 
g42922__9315/CI                                       +0   15678   
g42922__9315/CO     ADDFX1             1  0.6   39  +186   15864 R 
g42919__7482/CI                                       +0   15864   
g42919__7482/CO     ADDFX1             1  0.6   39  +186   16050 R 
g42916__6131/CI                                       +0   16050   
g42916__6131/CO     ADDFX1             1  0.6   39  +186   16236 R 
g42913__5122/CI                                       +0   16236   
g42913__5122/CO     ADDFX1             1  0.6   39  +186   16422 R 
g42910__1617/CI                                       +0   16422   
g42910__1617/CO     ADDFX1             1  0.6   39  +186   16608 R 
g42907__5526/CI                                       +0   16608   
g42907__5526/CO     ADDFX1             1  0.6   39  +186   16794 R 
g42904__6260/CI                                       +0   16794   
g42904__6260/CO     ADDFX1             1  0.6   39  +186   16980 R 
g42901__5477/CI                                       +0   16980   
g42901__5477/CO     ADDFX1             1  0.6   39  +186   17166 R 
g42898__1666/CI                                       +0   17166   
g42898__1666/CO     ADDFX1             1  0.6   39  +186   17352 R 
g42895__9945/CI                                       +0   17352   
g42895__9945/CO     ADDFX1             1  0.6   39  +186   17538 R 
g42892__4733/CI                                       +0   17538   
g42892__4733/CO     ADDFX1             1  0.6   39  +186   17724 R 
g42889__1881/CI                                       +0   17724   
g42889__1881/CO     ADDFX1             1  0.6   39  +186   17910 R 
g42886__8246/CI                                       +0   17910   
g42886__8246/CO     ADDFX1             1  0.6   39  +186   18096 R 
g42883__2802/CI                                       +0   18096   
g42883__2802/CO     ADDFX1             1  0.6   39  +186   18282 R 
g42880__6783/CI                                       +0   18282   
g42880__6783/CO     ADDFX1             1  0.6   39  +186   18468 R 
g42877__4319/CI                                       +0   18468   
g42877__4319/CO     ADDFX1             1  0.6   39  +186   18654 R 
g42874__2398/CI                                       +0   18654   
g42874__2398/CO     ADDFX1             1  0.6   39  +186   18840 R 
g42871__7410/CI                                       +0   18840   
g42871__7410/CO     ADDFX1             1  0.6   39  +186   19026 R 
g42868__2883/CI                                       +0   19026   
g42868__2883/CO     ADDFX1             1  0.6   39  +186   19212 R 
g42865__6161/CI                                       +0   19212   
g42865__6161/CO     ADDFX1             1  0.6   39  +186   19398 R 
g42862__5115/CI                                       +0   19398   
g42862__5115/CO     ADDFX1             1  0.6   39  +186   19584 R 
g42859__7098/CI                                       +0   19584   
g42859__7098/CO     ADDFX1             1  0.6   39  +186   19770 R 
g42856__1705/CI                                       +0   19770   
g42856__1705/CO     ADDFX1             1  0.6   39  +186   19956 R 
g42853__3680/CI                                       +0   19956   
g42853__3680/CO     ADDFX1             1  0.6   39  +186   20142 R 
g42850__8428/CI                                       +0   20142   
g42850__8428/S      ADDFX1             1  0.6   42  +259   20401 R 
g42849__4319/B                                        +0   20401   
g42849__4319/S      ADDHX1             1  0.2   23  +149   20550 F 
g42848__6260/B                                        +0   20550   
g42848__6260/Y      NOR2XL             2  0.4   57   +50   20600 R 
sign_P/data_in[62] 
  g5192__7098/A1N                                     +0   20600   
  g5192__7098/Y     OAI2BB1X1          1  0.4   47  +138   20738 R 
  g5190__5122/B                                       +0   20738   
  g5190__5122/Y     XOR2XL             1  0.0   16  +134   20873 F 
sign_P/data_out[63] 
p[63]               interconnect                16    +0   20873 F 
                    out port                          +0   20873 F 
-------------------------------------------------------------------
Timing slack :  UNCONSTRAINED
Start-point  : y[0]
End-point    : p[63]

