============================================================
  Generated by:           Genus(TM) Synthesis Solution 20.10-p001_1
  Generated on:           Nov 25 2024  01:32:08 pm
  Module:                 DOWNROBATWO
  Technology library:     slow_vdd1v0 1.0
  Operating conditions:   PVT_0P9V_125C (balanced_tree)
  Wireload mode:          enclosed
  Area mode:              timing library
============================================================

      Pin              Type       Fanout Load Slew Delay Arrival   
                                         (fF) (ps)  (ps)   (ps)    
-------------------------------------------------------------------
x[0]                in port            6  1.4    0    +0       0 F 
abs_X/data_in[0] 
  g2608__8428/A                                       +0       0   
  g2608__8428/Y     NOR2XL             2  0.4   56   +48      48 R 
  g2606__6260/B                                       +0      48   
  g2606__6260/Y     NAND2BXL           2  0.4   80   +86     134 F 
  g2602__6417/B                                       +0     134   
  g2602__6417/Y     NOR2XL             2  0.4   61   +82     217 R 
  g2599__2346/B                                       +0     217   
  g2599__2346/Y     NAND2BXL           2  0.4   80   +89     306 F 
  g2596__9315/B                                       +0     306   
  g2596__9315/Y     NOR2XL             2  0.4   61   +82     388 R 
  g2595__6161/B                                       +0     388   
  g2595__6161/Y     NAND2BXL           2  0.4   80   +89     477 F 
  g2590__6131/B                                       +0     477   
  g2590__6131/Y     NOR2XL             2  0.4   61   +82     559 R 
  g2589__7098/B                                       +0     559   
  g2589__7098/Y     NAND2BXL           2  0.4   80   +89     648 F 
  g2584__1617/B                                       +0     648   
  g2584__1617/Y     NOR2XL             2  0.4   61   +82     731 R 
  g2581__5526/B                                       +0     731   
  g2581__5526/Y     NAND2BXL           2  0.4   80   +89     820 F 
  g2578__6260/B                                       +0     820   
  g2578__6260/Y     NOR2XL             2  0.4   61   +82     902 R 
  g2575__5477/B                                       +0     902   
  g2575__5477/Y     NAND2BXL           2  0.4   80   +89     991 F 
  g2572__1666/B                                       +0     991   
  g2572__1666/Y     NOR2XL             2  0.4   61   +82    1074 R 
  g2571__2346/B                                       +0    1074   
  g2571__2346/Y     NAND2BXL           2  0.4   80   +89    1163 F 
  g2566__4733/B                                       +0    1163   
  g2566__4733/Y     NOR2XL             2  0.4   61   +82    1245 R 
  g2563__1881/B                                       +0    1245   
  g2563__1881/Y     NAND2BXL           2  0.4   80   +89    1334 F 
  g2560__8246/B                                       +0    1334   
  g2560__8246/Y     NOR2XL             2  0.4   61   +82    1416 R 
  g2557__2802/B                                       +0    1416   
  g2557__2802/Y     NAND2BXL           2  0.4   80   +89    1505 F 
  g2554__6783/B                                       +0    1505   
  g2554__6783/Y     NOR2XL             2  0.4   61   +82    1588 R 
  g2551__4319/B                                       +0    1588   
  g2551__4319/Y     NAND2BXL           2  0.4   80   +89    1677 F 
  g2548__2398/B                                       +0    1677   
  g2548__2398/Y     NOR2XL             2  0.4   61   +82    1759 R 
  g2545__7410/B                                       +0    1759   
  g2545__7410/Y     NAND2BXL           2  0.4   80   +89    1848 F 
  g2542__2883/B                                       +0    1848   
  g2542__2883/Y     NOR2XL             2  0.4   61   +82    1931 R 
  g2539__6161/B                                       +0    1931   
  g2539__6161/Y     NAND2BXL           2  0.4   80   +89    2020 F 
  g2536__5115/B                                       +0    2020   
  g2536__5115/Y     NOR2XL             2  0.4   61   +82    2102 R 
  g2535__1881/B                                       +0    2102   
  g2535__1881/Y     NAND2BXL           2  0.4   80   +89    2191 F 
  g2530__1705/B                                       +0    2191   
  g2530__1705/Y     NOR2XL             2  0.4   61   +82    2273 R 
  g2527__3680/B                                       +0    2273   
  g2527__3680/Y     NAND2BXL           2  0.4   80   +89    2362 F 
  g2523__4319/A1                                      +0    2362   
  g2523__4319/Y     OAI21XL            2  0.6   90  +105    2468 R 
  g2521__5107/B                                       +0    2468   
  g2521__5107/Y     XNOR2X1            6  1.3   51  +167    2634 F 
abs_X/data_out[30] 
ra_RoundX_Enc/data_i[30] 
  g2922__7482/C                                       +0    2634   
  g2922__7482/Y     NOR4X1             2  0.6  138  +143    2778 R 
  g2911__1617/D                                       +0    2778   
  g2911__1617/Y     NAND4XL            1  0.2  179  +186    2964 F 
  g2907__8428/C                                       +0    2964   
  g2907__8428/Y     OR3X1             40  9.0  246  +332    3296 F 
ra_RoundX_Enc/code_o[4] 
g90347/A                                              +0    3296   
g90347/Y            INVX1             31  6.2  175  +219    3515 R 
g57831__2883/B                                        +0    3515   
g57831__2883/Y      NAND2XL            4  0.8  124  +178    3693 F 
g57828__6161/B                                        +0    3693   
g57828__6161/Y      OR2X1              3  0.8   37  +149    3842 F 
g57785__8428/B                                        +0    3842   
g57785__8428/Y      XNOR2X1            3  0.6   33  +124    3966 F 
rb_RoundX_Enc/data_i[1] 
  g2925__6783/AN                                      +0    3966   
  g2925__6783/Y     NOR2BX1            1  0.2   27   +68    4034 F 
  g2911__2883/A1N                                     +0    4034   
  g2911__2883/Y     AOI2BB1XL          1  0.2   37   +88    4122 F 
  g2907__4733/A1N                                     +0    4122   
  g2907__4733/Y     AOI2BB1XL          1  0.2   36   +92    4215 F 
  g2904__5115/A1N                                     +0    4215   
  g2904__5115/Y     AOI2BB1XL          1  0.2   37   +92    4306 F 
  g2899__8246/A1N                                     +0    4306   
  g2899__8246/Y     AOI2BB1XL          1  0.2   37   +93    4399 F 
  g2896__2802/A1N                                     +0    4399   
  g2896__2802/Y     AOI2BB1XL          1  0.2   37   +92    4491 F 
  g2893__6783/A1N                                     +0    4491   
  g2893__6783/Y     AOI2BB1XL          1  0.2   37   +92    4584 F 
  g2891__8428/A1N                                     +0    4584   
  g2891__8428/Y     AOI2BB1XL          1  0.2   39   +92    4676 F 
  g2889__6260/A1N                                     +0    4676   
  g2889__6260/Y     AOI2BB1XL          1  0.2   36   +93    4769 F 
  g2888__5107/A1N                                     +0    4769   
  g2888__5107/Y     AOI2BB1XL          1  0.2   39   +92    4861 F 
  g2886__5477/A1N                                     +0    4861   
  g2886__5477/Y     AOI2BB1XL          1  0.2   36   +93    4954 F 
  g2884__7410/A1N                                     +0    4954   
  g2884__7410/Y     AOI2BB1XL          1  0.2   36   +92    5046 F 
  g2882__2346/A1N                                     +0    5046   
  g2882__2346/Y     AOI2BB1XL          1  0.2   36   +92    5138 F 
  g2881__2883/A1N                                     +0    5138   
  g2881__2883/Y     AOI2BB1XL          1  0.2   36   +92    5230 F 
  g2880__9945/A1N                                     +0    5230   
  g2880__9945/Y     AOI2BB1XL          1  0.2   36   +92    5322 F 
  g2879__9315/B                                       +0    5322   
  g2879__9315/Y     OR2X1             39  8.7  231  +217    5539 F 
rb_RoundX_Enc/code_o[0] 
g90295/B                                              +0    5539   
g90295/Y            NAND2XL            3  0.8   78  +169    5708 R 
g90368/B                                              +0    5708   
g90368/Y            NAND2BX1           2  0.4   63   +84    5792 F 
g90066/B                                              +0    5792   
g90066/Y            NOR2XL             9  2.2  201  +152    5945 R 
g89823/C                                              +0    5945   
g89823/Y            NAND3XL            4  1.0  230  +251    6196 F 
g89555/C                                              +0    6196   
g89555/Y            NOR3XL             2  0.8  149  +206    6402 R 
g88907/B                                              +0    6402   
g88907/Y            CLKXOR2X1          1  0.2   23  +197    6600 F 
g88892/B                                              +0    6600   
g88892/Y            NOR2XL             1  0.6   73   +59    6659 R 
g88882/CI                                             +0    6659   
g88882/CO           ADDFX1             1  0.6   39  +203    6862 R 
g88875/CI                                             +0    6862   
g88875/CO           ADDFX1             1  0.6   39  +186    7048 R 
g88867/CI                                             +0    7048   
g88867/CO           ADDFX1             1  0.6   39  +186    7234 R 
g88856/CI                                             +0    7234   
g88856/CO           ADDFX1             1  0.6   39  +186    7420 R 
g88847/CI                                             +0    7420   
g88847/CO           ADDFX1             1  0.6   39  +186    7606 R 
g88836/CI                                             +0    7606   
g88836/CO           ADDFX1             1  0.6   39  +186    7792 R 
g88828/CI                                             +0    7792   
g88828/CO           ADDFX1             1  0.6   39  +186    7978 R 
g88817/CI                                             +0    7978   
g88817/CO           ADDFX1             1  0.6   39  +186    8164 R 
g88808/CI                                             +0    8164   
g88808/CO           ADDFX1             1  0.6   39  +186    8350 R 
g88797/CI                                             +0    8350   
g88797/CO           ADDFX1             1  0.6   39  +186    8536 R 
g88788/CI                                             +0    8536   
g88788/CO           ADDFX1             1  0.6   39  +186    8722 R 
g88778/CI                                             +0    8722   
g88778/CO           ADDFX1             1  0.6   39  +186    8908 R 
g88771/CI                                             +0    8908   
g88771/CO           ADDFX1             1  0.6   39  +186    9094 R 
g88760/CI                                             +0    9094   
g88760/CO           ADDFX1             1  0.6   39  +186    9280 R 
g88752/CI                                             +0    9280   
g88752/CO           ADDFX1             1  0.6   39  +186    9466 R 
g88744/CI                                             +0    9466   
g88744/CO           ADDFX1             1  0.6   39  +186    9652 R 
g88737/CI                                             +0    9652   
g88737/CO           ADDFX1             1  0.6   39  +186    9838 R 
g88730/CI                                             +0    9838   
g88730/CO           ADDFX1             1  0.6   39  +186   10024 R 
g88722/CI                                             +0   10024   
g88722/CO           ADDFX1             1  0.6   39  +186   10210 R 
g88716/CI                                             +0   10210   
g88716/CO           ADDFX1             1  0.6   39  +186   10396 R 
g88709/CI                                             +0   10396   
g88709/CO           ADDFX1             1  0.6   39  +186   10582 R 
g88702/CI                                             +0   10582   
g88702/CO           ADDFX1             1  0.6   39  +186   10768 R 
g88695__5115/CI                                       +0   10768   
g88695__5115/CO     ADDFX1             1  0.6   39  +186   10954 R 
g88688__2802/CI                                       +0   10954   
g88688__2802/CO     ADDFX1             1  0.6   39  +186   11140 R 
g88681__6260/CI                                       +0   11140   
g88681__6260/CO     ADDFX1             1  0.6   39  +186   11326 R 
g88674__2346/CI                                       +0   11326   
g88674__2346/CO     ADDFX1             1  0.6   39  +186   11512 R 
g88667__5115/CI                                       +0   11512   
g88667__5115/CO     ADDFX1             1  0.6   39  +186   11698 R 
g88660__2802/CI                                       +0   11698   
g88660__2802/CO     ADDFX1             1  0.6   39  +186   11884 R 
g88653__6260/CI                                       +0   11884   
g88653__6260/CO     ADDFX1             1  0.6   39  +186   12070 R 
g88646__2346/CI                                       +0   12070   
g88646__2346/CO     ADDFX1             1  0.6   39  +186   12256 R 
g88639__5115/CI                                       +0   12256   
g88639__5115/CO     ADDFX1             1  0.6   39  +186   12442 R 
g88632__2802/CI                                       +0   12442   
g88632__2802/CO     ADDFX1             1  0.6   39  +186   12628 R 
g88625__6260/CI                                       +0   12628   
g88625__6260/CO     ADDFX1             1  0.6   39  +186   12814 R 
g88618__2346/CI                                       +0   12814   
g88618__2346/CO     ADDFX1             1  0.6   39  +186   13000 R 
g88611__5115/CI                                       +0   13000   
g88611__5115/CO     ADDFX1             1  0.6   39  +186   13186 R 
g88604__2802/CI                                       +0   13186   
g88604__2802/CO     ADDFX1             1  0.6   39  +186   13372 R 
g88597__6260/CI                                       +0   13372   
g88597__6260/CO     ADDFX1             1  0.6   39  +186   13558 R 
g88590__2346/CI                                       +0   13558   
g88590__2346/CO     ADDFX1             1  0.6   39  +186   13744 R 
g88583__5115/CI                                       +0   13744   
g88583__5115/CO     ADDFX1             1  0.6   39  +186   13930 R 
g88575__2802/CI                                       +0   13930   
g88575__2802/CO     ADDFX1             1  0.6   39  +186   14116 R 
g88567__5107/CI                                       +0   14116   
g88567__5107/CO     ADDFX1             1  0.6   39  +186   14302 R 
g88560__2346/CI                                       +0   14302   
g88560__2346/CO     ADDFX1             1  0.6   39  +186   14488 R 
g88552__1881/CI                                       +0   14488   
g88552__1881/CO     ADDFX1             1  0.6   39  +186   14674 R 
g88544__1617/CI                                       +0   14674   
g88544__1617/CO     ADDFX1             1  0.6   39  +186   14860 R 
g88534__6417/CI                                       +0   14860   
g88534__6417/CO     ADDFX1             1  0.6   39  +186   15046 R 
g88525__4733/CI                                       +0   15046   
g88525__4733/CO     ADDFX1             1  0.6   39  +186   15232 R 
g88515__2802/CI                                       +0   15232   
g88515__2802/CO     ADDFX1             1  0.6   39  +186   15418 R 
g88505__5477/CI                                       +0   15418   
g88505__5477/CO     ADDFX1             1  0.6   39  +186   15604 R 
g88497__9315/CI                                       +0   15604   
g88497__9315/CO     ADDFX1             1  0.6   39  +186   15790 R 
g88486__2802/CI                                       +0   15790   
g88486__2802/CO     ADDFX1             1  0.6   39  +186   15976 R 
g88478__6260/CI                                       +0   15976   
g88478__6260/CO     ADDFX1             1  0.6   39  +186   16162 R 
g88468__9945/CI                                       +0   16162   
g88468__9945/CO     ADDFX1             1  0.6   39  +186   16348 R 
g88458__5122/CI                                       +0   16348   
g88458__5122/CO     ADDFX1             1  0.6   39  +186   16534 R 
g88448__5107/CI                                       +0   16534   
g88448__5107/CO     ADDFX1             1  0.6   39  +186   16720 R 
g88439__9315/CI                                       +0   16720   
g88439__9315/CO     ADDFX1             1  0.6   39  +186   16906 R 
g88429__5122/CI                                       +0   16906   
g88429__5122/CO     ADDFX1             1  0.6   39  +186   17092 R 
g88420__6260/CI                                       +0   17092   
g88420__6260/CO     ADDFX1             1  0.6   39  +186   17278 R 
g88409__9315/CI                                       +0   17278   
g88409__9315/CO     ADDFX1             1  0.6   39  +186   17464 R 
g88403__6131/CI                                       +0   17464   
g88403__6131/CO     ADDFX1             1  0.6   39  +186   17650 R 
g88401__8246/CI                                       +0   17650   
g88401__8246/CO     ADDFX1             1  0.6   39  +186   17836 R 
g88400__5122/CI                                       +0   17836   
g88400__5122/CO     ADDFX1             1  0.6   39  +186   18022 R 
g88399__1705/CI                                       +0   18022   
g88399__1705/S      ADDFX1             2  0.4   38  +257   18279 R 
sign_P/data_in[62] 
  g5192__5526/A1N                                     +0   18279   
  g5192__5526/Y     OAI2BB1X1          1  0.4   47  +128   18408 R 
  g5190__4319/B                                       +0   18408   
  g5190__4319/Y     XOR2XL             1  0.0   16  +134   18542 F 
sign_P/data_out[63] 
p[63]               interconnect                16    +0   18542 F 
                    out port                          +0   18542 F 
-------------------------------------------------------------------
Timing slack :  UNCONSTRAINED
Start-point  : x[0]
End-point    : p[63]

