============================================================
  Generated by:           Genus(TM) Synthesis Solution 20.10-p001_1
  Generated on:           Nov 25 2024  01:52:03 pm
  Module:                 ASROBA
  Technology library:     slow_vdd1v0 1.0
  Operating conditions:   PVT_0P9V_125C (balanced_tree)
  Wireload mode:          enclosed
  Area mode:              timing library
============================================================

      Pin             Type       Fanout Load Slew Delay Arrival   
                                        (fF) (ps)  (ps)   (ps)    
------------------------------------------------------------------
x[31]              in port           17  3.8    0    +0       0 R 
abs_X/sign 
  g1073/A                                            +0       0   
  g1073/Y          INVX1             31  9.4  240  +136     136 F 
  g1043__9945/B                                      +0     136   
  g1043__9945/Y    MX2X1              5  1.1   46  +246     382 F 
abs_X/data_out[28] 
RoundX/data_in[28] 
  g4981/A                                            +0     382   
  g4981/Y          INVX1              2  0.4   23   +39     420 R 
  g4966__1617/B                                      +0     420   
  g4966__1617/Y    NAND3BXL           3  0.9  214  +170     590 F 
  g4964__6783/B                                      +0     590   
  g4964__6783/Y    OR2X1              3  0.9   40  +189     779 F 
  g4962__8428/B                                      +0     779   
  g4962__8428/Y    OR2X1              3  0.9   39  +114     894 F 
  g4960__6260/B                                      +0     894   
  g4960__6260/Y    OR2X1              3  0.9   39  +114    1007 F 
  g4958__2398/B                                      +0    1007   
  g4958__2398/Y    OR2X1              3  0.9   39  +114    1121 F 
  g4956__6417/B                                      +0    1121   
  g4956__6417/Y    OR2X1              3  0.9   39  +114    1235 F 
  g4954__1666/B                                      +0    1235   
  g4954__1666/Y    OR2X1              3  0.9   39  +114    1349 F 
  g4952__2883/B                                      +0    1349   
  g4952__2883/Y    OR2X1              3  0.9   39  +114    1463 F 
  g4950__9315/B                                      +0    1463   
  g4950__9315/Y    OR2X1              3  0.9   39  +114    1577 F 
  g4948__4733/B                                      +0    1577   
  g4948__4733/Y    OR2X1              3  0.9   39  +114    1691 F 
  g4946__5115/B                                      +0    1691   
  g4946__5115/Y    OR2X1              3  0.9   39  +114    1805 F 
  g4944__6131/B                                      +0    1805   
  g4944__6131/Y    OR2X1              3  0.9   39  +114    1919 F 
  g4942__8246/B                                      +0    1919   
  g4942__8246/Y    OR2X1              3  0.9   39  +114    2032 F 
  g4940__1705/B                                      +0    2032   
  g4940__1705/Y    OR2X1              3  0.9   39  +114    2146 F 
  g4938__1617/B                                      +0    2146   
  g4938__1617/Y    OR2X1              3  0.9   39  +114    2260 F 
  g4936__6783/B                                      +0    2260   
  g4936__6783/Y    OR2X1              3  0.9   39  +114    2374 F 
  g4934__8428/B                                      +0    2374   
  g4934__8428/Y    OR2X1              3  0.9   39  +114    2488 F 
  g4932__6260/B                                      +0    2488   
  g4932__6260/Y    OR2X1              3  0.9   39  +114    2602 F 
  g4930__2398/B                                      +0    2602   
  g4930__2398/Y    OR2X1              3  0.9   39  +114    2716 F 
  g4928__6417/B                                      +0    2716   
  g4928__6417/Y    OR2X1              3  0.9   39  +114    2830 F 
  g4926__1666/B                                      +0    2830   
  g4926__1666/Y    OR2X1              3  0.9   39  +114    2944 F 
  g4924__2883/B                                      +0    2944   
  g4924__2883/Y    OR2X1              3  1.0   42  +115    3059 F 
  g4922__9315/B                                      +0    3059   
  g4922__9315/Y    NOR2XL             2  0.4   58   +61    3120 R 
  g4921__6161/A                                      +0    3120   
  g4921__6161/Y    AND2X1             2  0.4   24  +135    3255 R 
  g4918__5115/AN                                     +0    3255   
  g4918__5115/Y    NOR2BX1            2  0.4   47   +90    3345 R 
  g4915__7098/B                                      +0    3345   
  g4915__7098/Y    NAND2XL            2  0.5   88   +86    3431 F 
  g4910__1617/B                                      +0    3431   
  g4910__1617/Y    NOR2BX1            2  0.4   52   +78    3509 R 
  g4905__4319/B                                      +0    3509   
  g4905__4319/Y    MX2X1              4  0.8   35  +178    3687 R 
RoundX/data_out[3] 
EncX/data_i[3] 
  code0/data_i[1] 
    g328__4319/D                                     +0    3687   
    g328__4319/Y   OR4X1              1  0.2   21   +80    3767 R 
    g326__5107/D                                     +0    3767   
    g326__5107/Y   OR4X1              1  0.2   21   +73    3840 R 
    g325__2398/D                                     +0    3840   
    g325__2398/Y   OR4X1             32  6.6  152  +146    3986 R 
  code0/data_o 
EncX/code_o[0] 
g43198/A1                                            +0    3986   
g43198/Y           OAI22XL            3  0.6  140  +198    4183 F 
g43008__2802/AN                                      +0    4183   
g43008__2802/Y     NAND3BXL           3  0.6  171  +218    4402 F 
g42952__4733/B                                       +0    4402   
g42952__4733/Y     NOR2XL             1  0.6   82  +142    4544 R 
g42569__9945/CI                                      +0    4544   
g42569__9945/CO    ADDFX1             1  0.6   39  +208    4752 R 
g42566__4733/CI                                      +0    4752   
g42566__4733/CO    ADDFX1             1  0.6   39  +186    4938 R 
g42563__1881/CI                                      +0    4938   
g42563__1881/CO    ADDFX1             1  0.6   39  +186    5124 R 
g42560__8246/CI                                      +0    5124   
g42560__8246/CO    ADDFX1             1  0.6   39  +186    5310 R 
g42557__2802/CI                                      +0    5310   
g42557__2802/CO    ADDFX1             1  0.6   39  +186    5496 R 
g42554__6783/CI                                      +0    5496   
g42554__6783/CO    ADDFX1             1  0.6   39  +186    5682 R 
g42551__4319/CI                                      +0    5682   
g42551__4319/CO    ADDFX1             1  0.6   39  +186    5868 R 
g42548__2398/CI                                      +0    5868   
g42548__2398/CO    ADDFX1             1  0.6   39  +186    6054 R 
g42545__7410/CI                                      +0    6054   
g42545__7410/CO    ADDFX1             1  0.6   39  +186    6240 R 
g42542__2883/CI                                      +0    6240   
g42542__2883/CO    ADDFX1             1  0.6   39  +186    6426 R 
g42539__6161/CI                                      +0    6426   
g42539__6161/CO    ADDFX1             1  0.6   39  +186    6612 R 
g42536__5115/CI                                      +0    6612   
g42536__5115/CO    ADDFX1             1  0.6   39  +186    6798 R 
g42533__7098/CI                                      +0    6798   
g42533__7098/CO    ADDFX1             1  0.6   39  +186    6984 R 
g42530__1705/CI                                      +0    6984   
g42530__1705/CO    ADDFX1             1  0.6   39  +186    7170 R 
g42527__3680/CI                                      +0    7170   
g42527__3680/CO    ADDFX1             1  0.6   39  +186    7356 R 
g42524__8428/CI                                      +0    7356   
g42524__8428/CO    ADDFX1             1  0.6   39  +186    7542 R 
g42521__5107/CI                                      +0    7542   
g42521__5107/CO    ADDFX1             1  0.6   39  +186    7728 R 
g42518__6417/CI                                      +0    7728   
g42518__6417/CO    ADDFX1             1  0.6   39  +186    7914 R 
g42515__2346/CI                                      +0    7914   
g42515__2346/CO    ADDFX1             1  0.6   39  +186    8100 R 
g42512__9315/CI                                      +0    8100   
g42512__9315/CO    ADDFX1             1  0.6   39  +186    8286 R 
g42509__7482/CI                                      +0    8286   
g42509__7482/CO    ADDFX1             1  0.6   39  +186    8472 R 
g42506__6131/CI                                      +0    8472   
g42506__6131/CO    ADDFX1             1  0.6   39  +186    8658 R 
g42503__5122/CI                                      +0    8658   
g42503__5122/CO    ADDFX1             1  0.6   39  +186    8844 R 
g42500__1617/CI                                      +0    8844   
g42500__1617/CO    ADDFX1             1  0.6   39  +186    9030 R 
g42497__5526/CI                                      +0    9030   
g42497__5526/CO    ADDFX1             1  0.6   39  +186    9216 R 
g42494__6260/CI                                      +0    9216   
g42494__6260/CO    ADDFX1             1  0.6   39  +186    9402 R 
g42491__5477/CI                                      +0    9402   
g42491__5477/CO    ADDFX1             1  0.6   39  +186    9588 R 
g42488__1666/CI                                      +0    9588   
g42488__1666/CO    ADDFX1             1  0.6   39  +186    9774 R 
g42485__9945/CI                                      +0    9774   
g42485__9945/CO    ADDFX1             1  0.6   39  +186    9960 R 
g42482__4733/CI                                      +0    9960   
g42482__4733/CO    ADDFX1             1  0.6   39  +186   10146 R 
g42479__1881/CI                                      +0   10146   
g42479__1881/CO    ADDFX1             1  0.6   39  +186   10332 R 
g42476__8246/CI                                      +0   10332   
g42476__8246/CO    ADDFX1             1  0.6   39  +186   10518 R 
g42473__2802/CI                                      +0   10518   
g42473__2802/CO    ADDFX1             1  0.6   39  +186   10704 R 
g42470__6783/CI                                      +0   10704   
g42470__6783/CO    ADDFX1             1  0.6   39  +186   10890 R 
g42467__4319/CI                                      +0   10890   
g42467__4319/CO    ADDFX1             1  0.6   39  +186   11076 R 
g42464__2398/CI                                      +0   11076   
g42464__2398/CO    ADDFX1             1  0.6   39  +186   11262 R 
g42461__7410/CI                                      +0   11262   
g42461__7410/CO    ADDFX1             1  0.6   39  +186   11448 R 
g42458__2883/CI                                      +0   11448   
g42458__2883/CO    ADDFX1             1  0.6   39  +186   11634 R 
g42455__6161/CI                                      +0   11634   
g42455__6161/CO    ADDFX1             1  0.6   39  +186   11820 R 
g42452__5115/CI                                      +0   11820   
g42452__5115/CO    ADDFX1             1  0.6   39  +186   12006 R 
g42449__7098/CI                                      +0   12006   
g42449__7098/CO    ADDFX1             1  0.6   39  +186   12192 R 
g42446__1705/CI                                      +0   12192   
g42446__1705/CO    ADDFX1             1  0.6   39  +186   12378 R 
g42443__3680/CI                                      +0   12378   
g42443__3680/CO    ADDFX1             1  0.6   39  +186   12564 R 
g42440__8428/CI                                      +0   12564   
g42440__8428/CO    ADDFX1             1  0.6   39  +186   12750 R 
g42437__5107/CI                                      +0   12750   
g42437__5107/CO    ADDFX1             1  0.6   39  +186   12936 R 
g42434__6417/CI                                      +0   12936   
g42434__6417/CO    ADDFX1             1  0.6   39  +186   13122 R 
g42431__2346/CI                                      +0   13122   
g42431__2346/CO    ADDFX1             1  0.6   39  +186   13308 R 
g42428__9315/CI                                      +0   13308   
g42428__9315/CO    ADDFX1             1  0.6   39  +186   13494 R 
g42425__7482/CI                                      +0   13494   
g42425__7482/CO    ADDFX1             1  0.6   39  +186   13680 R 
g42422__6131/CI                                      +0   13680   
g42422__6131/CO    ADDFX1             1  0.6   39  +186   13866 R 
g42419__5122/CI                                      +0   13866   
g42419__5122/CO    ADDFX1             1  0.6   39  +186   14052 R 
g42416__1617/CI                                      +0   14052   
g42416__1617/CO    ADDFX1             1  0.6   39  +186   14238 R 
g42413__5526/CI                                      +0   14238   
g42413__5526/CO    ADDFX1             1  0.6   39  +186   14424 R 
g42410__6260/CI                                      +0   14424   
g42410__6260/CO    ADDFX1             1  0.6   39  +186   14610 R 
g42407__5477/CI                                      +0   14610   
g42407__5477/CO    ADDFX1             1  0.6   39  +186   14796 R 
g42404__1666/CI                                      +0   14796   
g42404__1666/CO    ADDFX1             1  0.6   39  +186   14982 R 
g42401__9945/CI                                      +0   14982   
g42401__9945/CO    ADDFX1             1  0.6   39  +186   15168 R 
g42398__4733/CI                                      +0   15168   
g42398__4733/CO    ADDFX1             1  0.6   39  +186   15354 R 
g42395__1881/CI                                      +0   15354   
g42395__1881/CO    ADDFX1             1  0.6   39  +186   15540 R 
g42392__8246/CI                                      +0   15540   
g42392__8246/CO    ADDFX1             1  0.6   39  +186   15726 R 
g42389__2802/CI                                      +0   15726   
g42389__2802/S     ADDFX1             1  0.6   42  +259   15986 R 
g42387__3680/B                                       +0   15986   
g42387__3680/S     ADDHX1             1  0.2   23  +142   16128 R 
g42386__6783/B                                       +0   16128   
g42386__6783/Y     NOR2XL             1  0.4   42   +37   16165 F 
sign_P/data_in[61] 
  g2146__6260/B                                      +0   16165   
  g2146__6260/Y    XNOR2X1            1  0.0   18  +163   16328 R 
sign_P/data_out[61] 
p[61]              interconnect                18    +0   16328 R 
                   out port                          +0   16328 R 
------------------------------------------------------------------
Timing slack :  UNCONSTRAINED
Start-point  : x[31]
End-point    : p[61]

