============================================================
  Generated by:           Genus(TM) Synthesis Solution 20.10-p001_1
  Generated on:           Nov 25 2024  01:32:10 pm
  Module:                 DOWNROBATWO
  Technology library:     slow_vdd1v0 1.0
  Operating conditions:   PVT_0P9V_125C (balanced_tree)
  Wireload mode:          enclosed
  Area mode:              timing library
============================================================

    Instance            Module         Cell Count  Cell Area  Net Area   Total Area   Wireload  
------------------------------------------------------------------------------------------------
DOWNROBATWO                                  2686   5128.974     0.000     5128.974 <none> (D)  
  abs_X         sec_complement_w32             90    144.324     0.000      144.324 <none> (D)  
  abs_Y         sec_complement_w32_56          90    144.324     0.000      144.324 <none> (D)  
  ra_RoundX_Enc PriorityEncoder_32             51     86.526     0.000       86.526 <none> (D)  
  ra_RoundY_Enc PriorityEncoder_32_55          51     87.894     0.000       87.894 <none> (D)  
  rb_RoundX_Enc PriorityEncoder_32_54          50     86.868     0.000       86.868 <none> (D)  
  rb_RoundY_Enc PriorityEncoder_32_53          50     87.894     0.000       87.894 <none> (D)  
  sign_P        sec_complement_w64            186    299.250     0.000      299.250 <none> (D)  
  (D) = wireload is default in technology library
