============================================================
  Generated by:           Genus(TM) Synthesis Solution 20.10-p001_1
  Generated on:           Nov 25 2024  01:49:11 pm
  Module:                 UROBA
  Technology library:     slow_vdd1v0 1.0
  Operating conditions:   PVT_0P9V_125C (balanced_tree)
  Wireload mode:          enclosed
  Area mode:              timing library
============================================================

      Pin             Type       Fanout Load Slew Delay Arrival   
                                        (fF) (ps)  (ps)   (ps)    
------------------------------------------------------------------
x[30]              in port            5  1.2    0    +0       0 F 
RoundX/data_in[30] 
  g5078__5477/A                                      +0       0   
  g5078__5477/Y    NOR2XL             2  0.4   56   +48      48 R 
  g5075__1666/B                                      +0      48   
  g5075__1666/Y    NAND2XL            3  0.9  128  +114     162 F 
  g5073__2883/B                                      +0     162   
  g5073__2883/Y    OR2X1              3  0.9   39  +152     314 F 
  g5071__9315/B                                      +0     314   
  g5071__9315/Y    OR2X1              3  0.9   39  +114     428 F 
  g5069__4733/B                                      +0     428   
  g5069__4733/Y    OR2X1              3  0.9   39  +114     542 F 
  g5067__5115/B                                      +0     542   
  g5067__5115/Y    OR2X1              3  0.9   39  +114     656 F 
  g5065__6131/B                                      +0     656   
  g5065__6131/Y    OR2X1              3  0.9   39  +114     770 F 
  g5063__8246/B                                      +0     770   
  g5063__8246/Y    OR2X1              3  0.9   39  +114     884 F 
  g5061__1705/B                                      +0     884   
  g5061__1705/Y    OR2X1              3  0.9   39  +114     997 F 
  g5059__1617/B                                      +0     997   
  g5059__1617/Y    OR2X1              3  0.9   39  +114    1111 F 
  g5057__6783/B                                      +0    1111   
  g5057__6783/Y    OR2X1              3  0.9   39  +114    1225 F 
  g5055__8428/B                                      +0    1225   
  g5055__8428/Y    OR2X1              3  0.9   39  +114    1339 F 
  g5053__6260/B                                      +0    1339   
  g5053__6260/Y    OR2X1              3  0.9   39  +114    1453 F 
  g5051__2398/B                                      +0    1453   
  g5051__2398/Y    OR2X1              3  0.9   39  +114    1567 F 
  g5049__6417/B                                      +0    1567   
  g5049__6417/Y    OR2X1              3  0.9   39  +114    1681 F 
  g5047__1666/B                                      +0    1681   
  g5047__1666/Y    OR2X1              3  0.9   39  +114    1795 F 
  g5045__2883/B                                      +0    1795   
  g5045__2883/Y    OR2X1              3  0.9   39  +114    1909 F 
  g5043__9315/B                                      +0    1909   
  g5043__9315/Y    OR2X1              3  0.9   39  +114    2022 F 
  g5041__4733/B                                      +0    2022   
  g5041__4733/Y    OR2X1              3  0.9   39  +114    2136 F 
  g5039__5115/B                                      +0    2136   
  g5039__5115/Y    OR2X1              3  0.9   39  +114    2250 F 
  g5037__6131/B                                      +0    2250   
  g5037__6131/Y    OR2X1              3  0.9   39  +114    2364 F 
  g5035__8246/B                                      +0    2364   
  g5035__8246/Y    OR2X1              3  0.9   39  +114    2478 F 
  g5033__1705/B                                      +0    2478   
  g5033__1705/Y    OR2X1              3  0.9   39  +114    2592 F 
  g5031__1617/B                                      +0    2592   
  g5031__1617/Y    OR2X1              3  1.0   42  +115    2707 F 
  g5029__6783/B                                      +0    2707   
  g5029__6783/Y    NOR2XL             2  0.4   58   +61    2768 R 
  g5028__5526/A                                      +0    2768   
  g5028__5526/Y    AND2X1             2  0.4   24  +135    2903 R 
  g5025__6260/AN                                     +0    2903   
  g5025__6260/Y    NOR2BX1            2  0.4   43   +90    2993 R 
  g5022__5477/B                                      +0    2993   
  g5022__5477/Y    NAND2XL            2  0.5   88   +84    3077 F 
  g5019__1666/B                                      +0    3077   
  g5019__1666/Y    NOR2XL             2  0.4   62   +87    3164 R 
  g5015__9315/B                                      +0    3164   
  g5015__9315/Y    NAND2XL            1  0.2   60   +78    3242 F 
  g5011__5115/B                                      +0    3242   
  g5011__5115/Y    NOR2XL             6  1.6  150  +124    3366 R 
RoundX/data_out[0] 
EncX/data_i[0] 
  g6391__1666/B                                      +0    3366   
  g6391__1666/Y    NOR2XL             2  0.4   56  +122    3488 F 
  g6388__9945/B                                      +0    3488   
  g6388__9945/Y    NAND2BXL           2  0.4   36   +53    3541 R 
  g6379__1881/C                                      +0    3541   
  g6379__1881/Y    OR3X1              2  0.6   27   +80    3622 R 
  g6377__7098/AN                                     +0    3622   
  g6377__7098/Y    NAND2BXL           2  0.6   46   +67    3689 R 
  g6372__1705/D                                      +0    3689   
  g6372__1705/Y    NOR4X1             4  1.0  107   +57    3746 F 
  g6366__5526/D                                      +0    3746   
  g6366__5526/Y    NAND4BX1           4  1.0   66   +89    3835 R 
  g6360__5107/C                                      +0    3835   
  g6360__5107/Y    NOR3XL             3  0.8   91   +79    3914 F 
  g6336__6783/D                                      +0    3914   
  g6336__6783/Y    NAND4BXL           2  0.6   73   +84    3998 R 
  g6330__2398/C0                                     +0    3998   
  g6330__2398/Y    OAI211X1           1  0.2  119  +131    4129 F 
  g6319__6161/B                                      +0    4129   
  g6319__6161/Y    OR2X1              1  0.3   24  +140    4269 F 
  g6308__1705/D                                      +0    4269   
  g6308__1705/Y    NOR4X1             1  0.2  102   +71    4340 R 
  g6304__3680/C                                      +0    4340   
  g6304__3680/Y    AND3XL             1  0.2   22  +198    4538 R 
  g6298__5107/D                                      +0    4538   
  g6298__5107/Y    AND4X1            35  7.4  190  +362    4900 R 
EncX/code_o[0] 
g43831/S0                                            +0    4900   
g43831/Y           MX2X1              3  0.8   36  +221    5121 R 
g43643__7410/C                                       +0    5121   
g43643__7410/Y     NAND3XL            3  0.6  171  +131    5252 F 
g43581__1617/B                                       +0    5252   
g43581__1617/Y     NOR2XL             1  0.6   82  +142    5394 R 
g43188__6260/CI                                      +0    5394   
g43188__6260/CO    ADDFX1             1  0.6   39  +208    5602 R 
g43185__5477/CI                                      +0    5602   
g43185__5477/CO    ADDFX1             1  0.6   39  +186    5788 R 
g43182__1666/CI                                      +0    5788   
g43182__1666/CO    ADDFX1             1  0.6   39  +186    5974 R 
g43179__9945/CI                                      +0    5974   
g43179__9945/CO    ADDFX1             1  0.6   39  +186    6160 R 
g43176__4733/CI                                      +0    6160   
g43176__4733/CO    ADDFX1             1  0.6   39  +186    6346 R 
g43173__1881/CI                                      +0    6346   
g43173__1881/CO    ADDFX1             1  0.6   39  +186    6532 R 
g43170__8246/CI                                      +0    6532   
g43170__8246/CO    ADDFX1             1  0.6   39  +186    6718 R 
g43167__2802/CI                                      +0    6718   
g43167__2802/CO    ADDFX1             1  0.6   39  +186    6904 R 
g43164__6783/CI                                      +0    6904   
g43164__6783/CO    ADDFX1             1  0.6   39  +186    7090 R 
g43161__4319/CI                                      +0    7090   
g43161__4319/CO    ADDFX1             1  0.6   39  +186    7276 R 
g43158__2398/CI                                      +0    7276   
g43158__2398/CO    ADDFX1             1  0.6   39  +186    7462 R 
g43155__7410/CI                                      +0    7462   
g43155__7410/CO    ADDFX1             1  0.6   39  +186    7648 R 
g43152__2883/CI                                      +0    7648   
g43152__2883/CO    ADDFX1             1  0.6   39  +186    7834 R 
g43149__6161/CI                                      +0    7834   
g43149__6161/CO    ADDFX1             1  0.6   39  +186    8020 R 
g43146__5115/CI                                      +0    8020   
g43146__5115/CO    ADDFX1             1  0.6   39  +186    8206 R 
g43143__7098/CI                                      +0    8206   
g43143__7098/CO    ADDFX1             1  0.6   39  +186    8392 R 
g43140__1705/CI                                      +0    8392   
g43140__1705/CO    ADDFX1             1  0.6   39  +186    8578 R 
g43137__3680/CI                                      +0    8578   
g43137__3680/CO    ADDFX1             1  0.6   39  +186    8764 R 
g43134__8428/CI                                      +0    8764   
g43134__8428/CO    ADDFX1             1  0.6   39  +186    8950 R 
g43131__5107/CI                                      +0    8950   
g43131__5107/CO    ADDFX1             1  0.6   39  +186    9136 R 
g43128__6417/CI                                      +0    9136   
g43128__6417/CO    ADDFX1             1  0.6   39  +186    9322 R 
g43125__2346/CI                                      +0    9322   
g43125__2346/CO    ADDFX1             1  0.6   39  +186    9508 R 
g43122__9315/CI                                      +0    9508   
g43122__9315/CO    ADDFX1             1  0.6   39  +186    9694 R 
g43119__7482/CI                                      +0    9694   
g43119__7482/CO    ADDFX1             1  0.6   39  +186    9880 R 
g43116__6131/CI                                      +0    9880   
g43116__6131/CO    ADDFX1             1  0.6   39  +186   10066 R 
g43113__5122/CI                                      +0   10066   
g43113__5122/CO    ADDFX1             1  0.6   39  +186   10252 R 
g43110__1617/CI                                      +0   10252   
g43110__1617/CO    ADDFX1             1  0.6   39  +186   10438 R 
g43107__5526/CI                                      +0   10438   
g43107__5526/CO    ADDFX1             1  0.6   39  +186   10624 R 
g43104__6260/CI                                      +0   10624   
g43104__6260/CO    ADDFX1             1  0.6   39  +186   10810 R 
g43101__5477/CI                                      +0   10810   
g43101__5477/CO    ADDFX1             1  0.6   39  +186   10996 R 
g43098__1666/CI                                      +0   10996   
g43098__1666/CO    ADDFX1             1  0.6   39  +186   11182 R 
g43095__9945/CI                                      +0   11182   
g43095__9945/CO    ADDFX1             1  0.6   39  +186   11368 R 
g43092__4733/CI                                      +0   11368   
g43092__4733/CO    ADDFX1             1  0.6   39  +186   11554 R 
g43089__1881/CI                                      +0   11554   
g43089__1881/CO    ADDFX1             1  0.6   39  +186   11740 R 
g43086__8246/CI                                      +0   11740   
g43086__8246/CO    ADDFX1             1  0.6   39  +186   11926 R 
g43083__2802/CI                                      +0   11926   
g43083__2802/CO    ADDFX1             1  0.6   39  +186   12112 R 
g43080__6783/CI                                      +0   12112   
g43080__6783/CO    ADDFX1             1  0.6   39  +186   12298 R 
g43077__4319/CI                                      +0   12298   
g43077__4319/CO    ADDFX1             1  0.6   39  +186   12484 R 
g43074__2398/CI                                      +0   12484   
g43074__2398/CO    ADDFX1             1  0.6   39  +186   12670 R 
g43071__7410/CI                                      +0   12670   
g43071__7410/CO    ADDFX1             1  0.6   39  +186   12856 R 
g43068__2883/CI                                      +0   12856   
g43068__2883/CO    ADDFX1             1  0.6   39  +186   13042 R 
g43065__6161/CI                                      +0   13042   
g43065__6161/CO    ADDFX1             1  0.6   39  +186   13228 R 
g43062__5115/CI                                      +0   13228   
g43062__5115/CO    ADDFX1             1  0.6   39  +186   13414 R 
g43059__7098/CI                                      +0   13414   
g43059__7098/CO    ADDFX1             1  0.6   39  +186   13600 R 
g43056__1705/CI                                      +0   13600   
g43056__1705/CO    ADDFX1             1  0.6   39  +186   13786 R 
g43053__3680/CI                                      +0   13786   
g43053__3680/CO    ADDFX1             1  0.6   39  +186   13972 R 
g43050__8428/CI                                      +0   13972   
g43050__8428/CO    ADDFX1             1  0.6   39  +186   14158 R 
g43047__5107/CI                                      +0   14158   
g43047__5107/CO    ADDFX1             1  0.6   39  +186   14344 R 
g43044__6417/CI                                      +0   14344   
g43044__6417/CO    ADDFX1             1  0.6   39  +186   14530 R 
g43041__2346/CI                                      +0   14530   
g43041__2346/CO    ADDFX1             1  0.6   39  +186   14716 R 
g43038__9315/CI                                      +0   14716   
g43038__9315/CO    ADDFX1             1  0.6   39  +186   14902 R 
g43035__7482/CI                                      +0   14902   
g43035__7482/CO    ADDFX1             1  0.6   39  +186   15088 R 
g43032__6131/CI                                      +0   15088   
g43032__6131/CO    ADDFX1             1  0.6   39  +186   15274 R 
g43029__5122/CI                                      +0   15274   
g43029__5122/CO    ADDFX1             1  0.6   39  +186   15460 R 
g43026__1617/CI                                      +0   15460   
g43026__1617/CO    ADDFX1             1  0.6   39  +186   15646 R 
g43023__5526/CI                                      +0   15646   
g43023__5526/CO    ADDFX1             1  0.6   39  +186   15832 R 
g43020__6260/CI                                      +0   15832   
g43020__6260/CO    ADDFX1             1  0.6   39  +186   16018 R 
g43017__5477/CI                                      +0   16018   
g43017__5477/CO    ADDFX1             1  0.6   39  +186   16204 R 
g43014__1666/CI                                      +0   16204   
g43014__1666/CO    ADDFX1             1  0.6   39  +186   16390 R 
g43011__9945/CI                                      +0   16390   
g43011__9945/CO    ADDFX1             1  0.6   39  +186   16576 R 
g43008__4733/CI                                      +0   16576   
g43008__4733/CO    ADDFX1             1  0.6   39  +186   16762 R 
g43005__1881/CI                                      +0   16762   
g43005__1881/S     ADDFX1             1  0.6   42  +259   17022 R 
g43004__6131/B                                       +0   17022   
g43004__6131/S     ADDHX1             1  0.2   23  +149   17171 F 
g43003__7098/B                                       +0   17171   
g43003__7098/Y     NOR2XL             1  0.0   27   +33   17204 R 
p[62]              interconnect                27    +0   17204 R 
                   out port                          +0   17204 R 
------------------------------------------------------------------
Timing slack :  UNCONSTRAINED
Start-point  : x[30]
End-point    : p[62]

